# JRE version: Java(TM) SE Runtime Environment (8.0_181-b13) (build 1.8.0_181-b13)
# Java VM: Java HotSpot(TM) 64-Bit Server VM (25.181-b13 mixed mode windows-amd64 compressed oops)
Heap:
 PSYoungGen      total 334848K, used 204143K [0x00000000eb200000, 0x00000000fff80000, 0x0000000100000000)
  eden space 329216K, 61% used [0x00000000eb200000,0x00000000f794bf10,0x00000000ff380000)
  from space 5632K, 1% used [0x00000000ff900000,0x00000000ff910000,0x00000000ffe80000)
  to   space 5632K, 0% used [0x00000000ff380000,0x00000000ff380000,0x00000000ff900000)
 ParOldGen       total 44032K, used 7718K [0x00000000c1600000, 0x00000000c4100000, 0x00000000eb200000)
  object space 44032K, 17% used [0x00000000c1600000,0x00000000c1d89918,0x00000000c4100000)
 Metaspace       used 12445K, capacity 12674K, committed 13056K, reserved 1060864K
  class space    used 1353K, capacity 1441K, committed 1536K, reserved 1048576K
GC Heap History (10 events):
Event: 4.956 GC heap before
{Heap before GC invocations=12 (full 0):
 PSYoungGen      total 215552K, used 208960K [0x00000000eb200000, 0x00000000f8b00000, 0x0000000100000000)
  eden space 208896K, 100% used [0x00000000eb200000,0x00000000f7e00000,0x00000000f7e00000)
  from space 6656K, 0% used [0x00000000f7e00000,0x00000000f7e10000,0x00000000f8480000)
  to   space 6656K, 0% used [0x00000000f8480000,0x00000000f8480000,0x00000000f8b00000)
 ParOldGen       total 44032K, used 7630K [0x00000000c1600000, 0x00000000c4100000, 0x00000000eb200000)
  object space 44032K, 17% used [0x00000000c1600000,0x00000000c1d73918,0x00000000c4100000)
 Metaspace       used 12443K, capacity 12674K, committed 13056K, reserved 1060864K
  class space    used 1353K, capacity 1441K, committed 1536K, reserved 1048576K
Event: 4.957 GC heap after
Heap after GC invocations=12 (full 0):
 PSYoungGen      total 215552K, used 64K [0x00000000eb200000, 0x00000000f8b00000, 0x0000000100000000)
  eden space 208896K, 0% used [0x00000000eb200000,0x00000000eb200000,0x00000000f7e00000)
  from space 6656K, 0% used [0x00000000f8480000,0x00000000f8490000,0x00000000f8b00000)
  to   space 6656K, 0% used [0x00000000f7e00000,0x00000000f7e00000,0x00000000f8480000)
 ParOldGen       total 44032K, used 7646K [0x00000000c1600000, 0x00000000c4100000, 0x00000000eb200000)
  object space 44032K, 17% used [0x00000000c1600000,0x00000000c1d77918,0x00000000c4100000)
 Metaspace       used 12443K, capacity 12674K, committed 13056K, reserved 1060864K
  class space    used 1353K, capacity 1441K, committed 1536K, reserved 1048576K
}
Event: 5.126 GC heap before
{Heap before GC invocations=13 (full 0):
 PSYoungGen      total 215552K, used 208960K [0x00000000eb200000, 0x00000000f8b00000, 0x0000000100000000)
  eden space 208896K, 100% used [0x00000000eb200000,0x00000000f7e00000,0x00000000f7e00000)
  from space 6656K, 0% used [0x00000000f8480000,0x00000000f8490000,0x00000000f8b00000)
  to   space 6656K, 0% used [0x00000000f7e00000,0x00000000f7e00000,0x00000000f8480000)
 ParOldGen       total 44032K, used 7646K [0x00000000c1600000, 0x00000000c4100000, 0x00000000eb200000)
  object space 44032K, 17% used [0x00000000c1600000,0x00000000c1d77918,0x00000000c4100000)
 Metaspace       used 12445K, capacity 12674K, committed 13056K, reserved 1060864K
  class space    used 1353K, capacity 1441K, committed 1536K, reserved 1048576K
Event: 5.128 GC heap after
Heap after GC invocations=13 (full 0):
 PSYoungGen      total 215552K, used 64K [0x00000000eb200000, 0x00000000f8b00000, 0x0000000100000000)
  eden space 208896K, 0% used [0x00000000eb200000,0x00000000eb200000,0x00000000f7e00000)
  from space 6656K, 0% used [0x00000000f7e00000,0x00000000f7e10000,0x00000000f8480000)
  to   space 6656K, 0% used [0x00000000f8480000,0x00000000f8480000,0x00000000f8b00000)
 ParOldGen       total 44032K, used 7662K [0x00000000c1600000, 0x00000000c4100000, 0x00000000eb200000)
  object space 44032K, 17% used [0x00000000c1600000,0x00000000c1d7b918,0x00000000c4100000)
 Metaspace       used 12445K, capacity 12674K, committed 13056K, reserved 1060864K
  class space    used 1353K, capacity 1441K, committed 1536K, reserved 1048576K
}
Event: 5.346 GC heap before
{Heap before GC invocations=14 (full 0):
 PSYoungGen      total 215552K, used 208960K [0x00000000eb200000, 0x00000000f8b00000, 0x0000000100000000)
  eden space 208896K, 100% used [0x00000000eb200000,0x00000000f7e00000,0x00000000f7e00000)
  from space 6656K, 0% used [0x00000000f7e00000,0x00000000f7e10000,0x00000000f8480000)
  to   space 6656K, 0% used [0x00000000f8480000,0x00000000f8480000,0x00000000f8b00000)
 ParOldGen       total 44032K, used 7662K [0x00000000c1600000, 0x00000000c4100000, 0x00000000eb200000)
  object space 44032K, 17% used [0x00000000c1600000,0x00000000c1d7b918,0x00000000c4100000)
 Metaspace       used 12445K, capacity 12674K, committed 13056K, reserved 1060864K
  class space    used 1353K, capacity 1441K, committed 1536K, reserved 1048576K
Event: 5.349 GC heap after
Heap after GC invocations=14 (full 0):
 PSYoungGen      total 216064K, used 64K [0x00000000eb200000, 0x00000000fff00000, 0x0000000100000000)
  eden space 209408K, 0% used [0x00000000eb200000,0x00000000eb200000,0x00000000f7e80000)
  from space 6656K, 0% used [0x00000000f8480000,0x00000000f8490000,0x00000000f8b00000)
  to   space 6144K, 0% used [0x00000000f7e80000,0x00000000f7e80000,0x00000000f8480000)
 ParOldGen       total 44032K, used 7686K [0x00000000c1600000, 0x00000000c4100000, 0x00000000eb200000)
  object space 44032K, 17% used [0x00000000c1600000,0x00000000c1d81918,0x00000000c4100000)
 Metaspace       used 12445K, capacity 12674K, committed 13056K, reserved 1060864K
  class space    used 1353K, capacity 1441K, committed 1536K, reserved 1048576K
}
Event: 5.475 GC heap before
{Heap before GC invocations=15 (full 0):
 PSYoungGen      total 216064K, used 209472K [0x00000000eb200000, 0x00000000fff00000, 0x0000000100000000)
  eden space 209408K, 100% used [0x00000000eb200000,0x00000000f7e80000,0x00000000f7e80000)
  from space 6656K, 0% used [0x00000000f8480000,0x00000000f8490000,0x00000000f8b00000)
  to   space 6144K, 0% used [0x00000000f7e80000,0x00000000f7e80000,0x00000000f8480000)
 ParOldGen       total 44032K, used 7686K [0x00000000c1600000, 0x00000000c4100000, 0x00000000eb200000)
  object space 44032K, 17% used [0x00000000c1600000,0x00000000c1d81918,0x00000000c4100000)
 Metaspace       used 12445K, capacity 12674K, committed 13056K, reserved 1060864K
  class space    used 1353K, capacity 1441K, committed 1536K, reserved 1048576K
Event: 5.476 GC heap after
Heap after GC invocations=15 (full 0):
 PSYoungGen      total 215552K, used 64K [0x00000000eb200000, 0x00000000ffe80000, 0x0000000100000000)
  eden space 209408K, 0% used [0x00000000eb200000,0x00000000eb200000,0x00000000f7e80000)
  from space 6144K, 1% used [0x00000000f7e80000,0x00000000f7e90000,0x00000000f8480000)
  to   space 5632K, 0% used [0x00000000ff900000,0x00000000ff900000,0x00000000ffe80000)
 ParOldGen       total 44032K, used 7702K [0x00000000c1600000, 0x00000000c4100000, 0x00000000eb200000)
  object space 44032K, 17% used [0x00000000c1600000,0x00000000c1d85918,0x00000000c4100000)
 Metaspace       used 12445K, capacity 12674K, committed 13056K, reserved 1060864K
  class space    used 1353K, capacity 1441K, committed 1536K, reserved 1048576K
}
Event: 5.600 GC heap before
{Heap before GC invocations=16 (full 0):
 PSYoungGen      total 215552K, used 209472K [0x00000000eb200000, 0x00000000ffe80000, 0x0000000100000000)
  eden space 209408K, 100% used [0x00000000eb200000,0x00000000f7e80000,0x00000000f7e80000)
  from space 6144K, 1% used [0x00000000f7e80000,0x00000000f7e90000,0x00000000f8480000)
  to   space 5632K, 0% used [0x00000000ff900000,0x00000000ff900000,0x00000000ffe80000)
 ParOldGen       total 44032K, used 7702K [0x00000000c1600000, 0x00000000c4100000, 0x00000000eb200000)
  object space 44032K, 17% used [0x00000000c1600000,0x00000000c1d85918,0x00000000c4100000)
 Metaspace       used 12445K, capacity 12674K, committed 13056K, reserved 1060864K
  class space    used 1353K, capacity 1441K, committed 1536K, reserved 1048576K
Event: 5.601 GC heap after
Heap after GC invocations=16 (full 0):
 PSYoungGen      total 334848K, used 64K [0x00000000eb200000, 0x00000000fff80000, 0x0000000100000000)
  eden space 329216K, 0% used [0x00000000eb200000,0x00000000eb200000,0x00000000ff380000)
  from space 5632K, 1% used [0x00000000ff900000,0x00000000ff910000,0x00000000ffe80000)
  to   space 5632K, 0% used [0x00000000ff380000,0x00000000ff380000,0x00000000ff900000)
 ParOldGen       total 44032K, used 7718K [0x00000000c1600000, 0x00000000c4100000, 0x00000000eb200000)
  object space 44032K, 17% used [0x00000000c1600000,0x00000000c1d89918,0x00000000c4100000)
 Metaspace       used 12445K, capacity 12674K, committed 13056K, reserved 1060864K
  class space    used 1353K, capacity 1441K, committed 1536K, reserved 1048576K
}

