# JRE version: Java(TM) SE Runtime Environment (8.0_181-b13) (build 1.8.0_181-b13)
# Java VM: Java HotSpot(TM) 64-Bit Server VM (25.181-b13 mixed mode windows-amd64 compressed oops)
Heap:
 PSYoungGen      total 53760K, used 13807K [0x00000000eb200000, 0x00000000ee780000, 0x0000000100000000)
  eden space 52736K, 26% used [0x00000000eb200000,0x00000000ebf63e48,0x00000000ee580000)
  from space 1024K, 9% used [0x00000000ee680000,0x00000000ee698000,0x00000000ee780000)
  to   space 1024K, 0% used [0x00000000ee580000,0x00000000ee580000,0x00000000ee680000)
 ParOldGen       total 44032K, used 8507K [0x00000000c1600000, 0x00000000c4100000, 0x00000000eb200000)
  object space 44032K, 19% used [0x00000000c1600000,0x00000000c1e4ee70,0x00000000c4100000)
 Metaspace       used 12435K, capacity 12674K, committed 13056K, reserved 1060864K
  class space    used 1353K, capacity 1441K, committed 1536K, reserved 1048576K
GC Heap History (10 events):
Event: 17.466 GC heap before
{Heap before GC invocations=52 (full 0):
 PSYoungGen      total 53760K, used 52832K [0x00000000eb200000, 0x00000000ee780000, 0x0000000100000000)
  eden space 52736K, 100% used [0x00000000eb200000,0x00000000ee580000,0x00000000ee580000)
  from space 1024K, 9% used [0x00000000ee580000,0x00000000ee598000,0x00000000ee680000)
  to   space 1024K, 0% used [0x00000000ee680000,0x00000000ee680000,0x00000000ee780000)
 ParOldGen       total 44032K, used 8379K [0x00000000c1600000, 0x00000000c4100000, 0x00000000eb200000)
  object space 44032K, 19% used [0x00000000c1600000,0x00000000c1e2ee70,0x00000000c4100000)
 Metaspace       used 12435K, capacity 12674K, committed 13056K, reserved 1060864K
  class space    used 1353K, capacity 1441K, committed 1536K, reserved 1048576K
Event: 17.467 GC heap after
Heap after GC invocations=52 (full 0):
 PSYoungGen      total 53760K, used 64K [0x00000000eb200000, 0x00000000ee780000, 0x0000000100000000)
  eden space 52736K, 0% used [0x00000000eb200000,0x00000000eb200000,0x00000000ee580000)
  from space 1024K, 6% used [0x00000000ee680000,0x00000000ee690000,0x00000000ee780000)
  to   space 1024K, 0% used [0x00000000ee580000,0x00000000ee580000,0x00000000ee680000)
 ParOldGen       total 44032K, used 8395K [0x00000000c1600000, 0x00000000c4100000, 0x00000000eb200000)
  object space 44032K, 19% used [0x00000000c1600000,0x00000000c1e32e70,0x00000000c4100000)
 Metaspace       used 12435K, capacity 12674K, committed 13056K, reserved 1060864K
  class space    used 1353K, capacity 1441K, committed 1536K, reserved 1048576K
}
Event: 17.498 GC heap before
{Heap before GC invocations=53 (full 0):
 PSYoungGen      total 53760K, used 52800K [0x00000000eb200000, 0x00000000ee780000, 0x0000000100000000)
  eden space 52736K, 100% used [0x00000000eb200000,0x00000000ee580000,0x00000000ee580000)
  from space 1024K, 6% used [0x00000000ee680000,0x00000000ee690000,0x00000000ee780000)
  to   space 1024K, 0% used [0x00000000ee580000,0x00000000ee580000,0x00000000ee680000)
 ParOldGen       total 44032K, used 8395K [0x00000000c1600000, 0x00000000c4100000, 0x00000000eb200000)
  object space 44032K, 19% used [0x00000000c1600000,0x00000000c1e32e70,0x00000000c4100000)
 Metaspace       used 12435K, capacity 12674K, committed 13056K, reserved 1060864K
  class space    used 1353K, capacity 1441K, committed 1536K, reserved 1048576K
Event: 17.499 GC heap after
Heap after GC invocations=53 (full 0):
 PSYoungGen      total 53760K, used 64K [0x00000000eb200000, 0x00000000ee780000, 0x0000000100000000)
  eden space 52736K, 0% used [0x00000000eb200000,0x00000000eb200000,0x00000000ee580000)
  from space 1024K, 6% used [0x00000000ee580000,0x00000000ee590000,0x00000000ee680000)
  to   space 1024K, 0% used [0x00000000ee680000,0x00000000ee680000,0x00000000ee780000)
 ParOldGen       total 44032K, used 8411K [0x00000000c1600000, 0x00000000c4100000, 0x00000000eb200000)
  object space 44032K, 19% used [0x00000000c1600000,0x00000000c1e36e70,0x00000000c4100000)
 Metaspace       used 12435K, capacity 12674K, committed 13056K, reserved 1060864K
  class space    used 1353K, capacity 1441K, committed 1536K, reserved 1048576K
}
Event: 17.525 GC heap before
{Heap before GC invocations=54 (full 0):
 PSYoungGen      total 53760K, used 52800K [0x00000000eb200000, 0x00000000ee780000, 0x0000000100000000)
  eden space 52736K, 100% used [0x00000000eb200000,0x00000000ee580000,0x00000000ee580000)
  from space 1024K, 6% used [0x00000000ee580000,0x00000000ee590000,0x00000000ee680000)
  to   space 1024K, 0% used [0x00000000ee680000,0x00000000ee680000,0x00000000ee780000)
 ParOldGen       total 44032K, used 8411K [0x00000000c1600000, 0x00000000c4100000, 0x00000000eb200000)
  object space 44032K, 19% used [0x00000000c1600000,0x00000000c1e36e70,0x00000000c4100000)
 Metaspace       used 12435K, capacity 12674K, committed 13056K, reserved 1060864K
  class space    used 1353K, capacity 1441K, committed 1536K, reserved 1048576K
Event: 17.525 GC heap after
Heap after GC invocations=54 (full 0):
 PSYoungGen      total 53760K, used 96K [0x00000000eb200000, 0x00000000ee780000, 0x0000000100000000)
  eden space 52736K, 0% used [0x00000000eb200000,0x00000000eb200000,0x00000000ee580000)
  from space 1024K, 9% used [0x00000000ee680000,0x00000000ee698000,0x00000000ee780000)
  to   space 1024K, 0% used [0x00000000ee580000,0x00000000ee580000,0x00000000ee680000)
 ParOldGen       total 44032K, used 8435K [0x00000000c1600000, 0x00000000c4100000, 0x00000000eb200000)
  object space 44032K, 19% used [0x00000000c1600000,0x00000000c1e3ce70,0x00000000c4100000)
 Metaspace       used 12435K, capacity 12674K, committed 13056K, reserved 1060864K
  class space    used 1353K, capacity 1441K, committed 1536K, reserved 1048576K
}
Event: 17.551 GC heap before
{Heap before GC invocations=55 (full 0):
 PSYoungGen      total 53760K, used 52832K [0x00000000eb200000, 0x00000000ee780000, 0x0000000100000000)
  eden space 52736K, 100% used [0x00000000eb200000,0x00000000ee580000,0x00000000ee580000)
  from space 1024K, 9% used [0x00000000ee680000,0x00000000ee698000,0x00000000ee780000)
  to   space 1024K, 0% used [0x00000000ee580000,0x00000000ee580000,0x00000000ee680000)
 ParOldGen       total 44032K, used 8435K [0x00000000c1600000, 0x00000000c4100000, 0x00000000eb200000)
  object space 44032K, 19% used [0x00000000c1600000,0x00000000c1e3ce70,0x00000000c4100000)
 Metaspace       used 12435K, capacity 12674K, committed 13056K, reserved 1060864K
  class space    used 1353K, capacity 1441K, committed 1536K, reserved 1048576K
Event: 17.553 GC heap after
Heap after GC invocations=55 (full 0):
 PSYoungGen      total 53760K, used 64K [0x00000000eb200000, 0x00000000ee780000, 0x0000000100000000)
  eden space 52736K, 0% used [0x00000000eb200000,0x00000000eb200000,0x00000000ee580000)
  from space 1024K, 6% used [0x00000000ee580000,0x00000000ee590000,0x00000000ee680000)
  to   space 1024K, 0% used [0x00000000ee680000,0x00000000ee680000,0x00000000ee780000)
 ParOldGen       total 44032K, used 8451K [0x00000000c1600000, 0x00000000c4100000, 0x00000000eb200000)
  object space 44032K, 19% used [0x00000000c1600000,0x00000000c1e40e70,0x00000000c4100000)
 Metaspace       used 12435K, capacity 12674K, committed 13056K, reserved 1060864K
  class space    used 1353K, capacity 1441K, committed 1536K, reserved 1048576K
}
Event: 17.589 GC heap before
{Heap before GC invocations=56 (full 0):
 PSYoungGen      total 53760K, used 52800K [0x00000000eb200000, 0x00000000ee780000, 0x0000000100000000)
  eden space 52736K, 100% used [0x00000000eb200000,0x00000000ee580000,0x00000000ee580000)
  from space 1024K, 6% used [0x00000000ee580000,0x00000000ee590000,0x00000000ee680000)
  to   space 1024K, 0% used [0x00000000ee680000,0x00000000ee680000,0x00000000ee780000)
 ParOldGen       total 44032K, used 8451K [0x00000000c1600000, 0x00000000c4100000, 0x00000000eb200000)
  object space 44032K, 19% used [0x00000000c1600000,0x00000000c1e40e70,0x00000000c4100000)
 Metaspace       used 12435K, capacity 12674K, committed 13056K, reserved 1060864K
  class space    used 1353K, capacity 1441K, committed 1536K, reserved 1048576K
Event: 17.590 GC heap after
Heap after GC invocations=56 (full 0):
 PSYoungGen      total 53760K, used 64K [0x00000000eb200000, 0x00000000ee780000, 0x0000000100000000)
  eden space 52736K, 0% used [0x00000000eb200000,0x00000000eb200000,0x00000000ee580000)
  from space 1024K, 6% used [0x00000000ee680000,0x00000000ee690000,0x00000000ee780000)
  to   space 1024K, 0% used [0x00000000ee580000,0x00000000ee580000,0x00000000ee680000)
 ParOldGen       total 44032K, used 8467K [0x00000000c1600000, 0x00000000c4100000, 0x00000000eb200000)
  object space 44032K, 19% used [0x00000000c1600000,0x00000000c1e44e70,0x00000000c4100000)
 Metaspace       used 12435K, capacity 12674K, committed 13056K, reserved 1060864K
  class space    used 1353K, capacity 1441K, committed 1536K, reserved 1048576K
}

